{"obj": {"type": "AssignString", "path": ["sys", "name"], "value": "Untitled"}, "version": 1}
{"obj": {"type": "AssignString", "path": ["sys", "description"], "value": ""}, "version": 2}
{"obj": {"type": "AssignString", "path": ["sys", "hostname"], "value": "dimitris-Inspiron-5593"}, "version": 3}
{"obj": {"type": "AssignBool", "path": ["sys", "failed"], "value": false}, "version": 4}
{"obj": {"type": "ClearStringLog", "path": ["monitoring", "stdout"]}, "version": 5}
{"obj": {"type": "ClearStringLog", "path": ["monitoring", "stderr"]}, "version": 6}
{"obj": {"type": "AssignString", "path": ["source_code", "entrypoint"], "value": "runPipeLineNew.py"}, "version": 7}
{"obj": {"type": "UploadFileSet", "path": ["source_code", "files"], "file_globs": ["/home/dimitris/Desktop/ProjectsML/KaklisPHD/Danaos_ML_Project/runPipeLineNew.py"], "reset": "False"}, "version": 8}
{"obj": {"type": "LogStrings", "path": ["monitoring", "stderr"], "values": [{"value": "Info (NVML): Driver Not Loaded. GPU usage metrics may not be reported. For more information, see https://docs-legacy.neptune.ai/logging-and-managing-experiment-results/logging-experiment-data.html#hardware-consumption ", "step": null, "ts": 1638183987.4627097}]}, "version": 9}
{"obj": {"type": "LogStrings", "path": ["monitoring", "stderr"], "values": [{"value": "\n", "step": null, "ts": 1638183987.4630566}]}, "version": 10}
{"obj": {"type": "ConfigFloatSeries", "path": ["monitoring", "cpu"], "min": 0.0, "max": 100.0, "unit": "%"}, "version": 11}
{"obj": {"type": "ClearFloatLog", "path": ["monitoring", "cpu"]}, "version": 12}
{"obj": {"type": "ConfigFloatSeries", "path": ["monitoring", "memory"], "min": 0.0, "max": 31.138729095458984, "unit": "GB"}, "version": 13}
{"obj": {"type": "ClearFloatLog", "path": ["monitoring", "memory"]}, "version": 14}
{"obj": {"type": "LogFloats", "path": ["monitoring", "cpu"], "values": [{"value": 31.0, "step": null, "ts": 1638183987.4847653}]}, "version": 15}
{"obj": {"type": "LogFloats", "path": ["monitoring", "memory"], "values": [{"value": 7.0710601806640625, "step": null, "ts": 1638183987.4847653}]}, "version": 16}
{"obj": {"type": "LogStrings", "path": ["monitoring", "stdout"], "values": [{"value": "", "step": null, "ts": 1638183987.4919965}]}, "version": 17}
{"obj": {"type": "LogStrings", "path": ["monitoring", "stdout"], "values": [{"value": "https://app.neptune.ai/kaklis1992/LSTM-FOC/e/LSTMFOC-1\n", "step": null, "ts": 1638183987.4923072}]}, "version": 18}
{"obj": {"type": "AssignFloat", "path": ["parameters", "lr"], "value": 0.01}, "version": 19}
{"obj": {"type": "AssignInt", "path": ["parameters", "n_steps"], "value": 15}, "version": 20}
{"obj": {"type": "AssignInt", "path": ["parameters", "epochs"], "value": 100}, "version": 21}
{"obj": {"type": "AssignInt", "path": ["parameters", "neurons"], "value": 10}, "version": 22}
{"obj": {"type": "AssignString", "path": ["source_code", "integrations", "neptune-tensorflow-keras"], "value": "0.9.9"}, "version": 23}
{"obj": {"type": "LogStrings", "path": ["monitoring", "stdout"], "values": [{"value": "Model: \"sequential\"", "step": null, "ts": 1638183987.4936283}]}, "version": 24}
{"obj": {"type": "LogStrings", "path": ["monitoring", "stdout"], "values": [{"value": "\n", "step": null, "ts": 1638183987.4937713}]}, "version": 25}
{"obj": {"type": "LogStrings", "path": ["monitoring", "stdout"], "values": [{"value": "_________________________________________________________________", "step": null, "ts": 1638183987.4938996}]}, "version": 26}
{"obj": {"type": "LogStrings", "path": ["monitoring", "stdout"], "values": [{"value": "\n", "step": null, "ts": 1638183987.494222}]}, "version": 27}
{"obj": {"type": "LogStrings", "path": ["monitoring", "stdout"], "values": [{"value": "Layer (type)                 Output Shape              Param #   ", "step": null, "ts": 1638183987.494506}]}, "version": 28}
{"obj": {"type": "LogStrings", "path": ["monitoring", "stdout"], "values": [{"value": "\n", "step": null, "ts": 1638183987.4946375}]}, "version": 29}
{"obj": {"type": "LogStrings", "path": ["monitoring", "stdout"], "values": [{"value": "=================================================================", "step": null, "ts": 1638183987.4947593}]}, "version": 30}
{"obj": {"type": "LogStrings", "path": ["monitoring", "stdout"], "values": [{"value": "\n", "step": null, "ts": 1638183987.4948716}]}, "version": 31}
{"obj": {"type": "LogStrings", "path": ["monitoring", "stdout"], "values": [{"value": "lstm (LSTM)                  (None, 10)                640       ", "step": null, "ts": 1638183987.4953988}]}, "version": 32}
{"obj": {"type": "LogStrings", "path": ["monitoring", "stdout"], "values": [{"value": "\n", "step": null, "ts": 1638183987.495497}]}, "version": 33}
{"obj": {"type": "LogStrings", "path": ["monitoring", "stdout"], "values": [{"value": "_________________________________________________________________", "step": null, "ts": 1638183987.495582}]}, "version": 34}
{"obj": {"type": "LogStrings", "path": ["monitoring", "stdout"], "values": [{"value": "\n", "step": null, "ts": 1638183987.4956677}]}, "version": 35}
{"obj": {"type": "LogStrings", "path": ["monitoring", "stdout"], "values": [{"value": "dense (Dense)                (None, 5)                 55        ", "step": null, "ts": 1638183987.4958575}]}, "version": 36}
{"obj": {"type": "LogStrings", "path": ["monitoring", "stdout"], "values": [{"value": "\n", "step": null, "ts": 1638183987.495948}]}, "version": 37}
{"obj": {"type": "LogStrings", "path": ["monitoring", "stdout"], "values": [{"value": "_________________________________________________________________", "step": null, "ts": 1638183987.496026}]}, "version": 38}
{"obj": {"type": "LogStrings", "path": ["monitoring", "stdout"], "values": [{"value": "\n", "step": null, "ts": 1638183987.496104}]}, "version": 39}
{"obj": {"type": "LogStrings", "path": ["monitoring", "stdout"], "values": [{"value": "dense_1 (Dense)              (None, 5)                 30        ", "step": null, "ts": 1638183987.4962637}]}, "version": 40}
{"obj": {"type": "LogStrings", "path": ["monitoring", "stdout"], "values": [{"value": "\n", "step": null, "ts": 1638183987.4963527}]}, "version": 41}
{"obj": {"type": "LogStrings", "path": ["monitoring", "stdout"], "values": [{"value": "_________________________________________________________________", "step": null, "ts": 1638183987.4964304}]}, "version": 42}
{"obj": {"type": "LogStrings", "path": ["monitoring", "stdout"], "values": [{"value": "\n", "step": null, "ts": 1638183987.496507}]}, "version": 43}
{"obj": {"type": "LogStrings", "path": ["monitoring", "stdout"], "values": [{"value": "dense_2 (Dense)              (None, 2)                 12        ", "step": null, "ts": 1638183987.4966679}]}, "version": 44}
{"obj": {"type": "LogStrings", "path": ["monitoring", "stdout"], "values": [{"value": "\n", "step": null, "ts": 1638183987.4967554}]}, "version": 45}
{"obj": {"type": "LogStrings", "path": ["monitoring", "stdout"], "values": [{"value": "_________________________________________________________________", "step": null, "ts": 1638183987.4968333}]}, "version": 46}
{"obj": {"type": "LogStrings", "path": ["monitoring", "stdout"], "values": [{"value": "\n", "step": null, "ts": 1638183987.496911}]}, "version": 47}
{"obj": {"type": "LogStrings", "path": ["monitoring", "stdout"], "values": [{"value": "dense_3 (Dense)              (None, 1)                 3         ", "step": null, "ts": 1638183987.4970624}]}, "version": 48}
{"obj": {"type": "LogStrings", "path": ["monitoring", "stdout"], "values": [{"value": "\n", "step": null, "ts": 1638183987.497149}]}, "version": 49}
{"obj": {"type": "LogStrings", "path": ["monitoring", "stdout"], "values": [{"value": "=================================================================", "step": null, "ts": 1638183987.4972274}]}, "version": 50}
{"obj": {"type": "LogStrings", "path": ["monitoring", "stdout"], "values": [{"value": "\n", "step": null, "ts": 1638183987.4973052}]}, "version": 51}
{"obj": {"type": "LogStrings", "path": ["monitoring", "stdout"], "values": [{"value": "Total params: 740", "step": null, "ts": 1638183987.497859}]}, "version": 52}
{"obj": {"type": "LogStrings", "path": ["monitoring", "stdout"], "values": [{"value": "\n", "step": null, "ts": 1638183987.497939}]}, "version": 53}
{"obj": {"type": "LogStrings", "path": ["monitoring", "stdout"], "values": [{"value": "Trainable params: 740", "step": null, "ts": 1638183987.4980052}]}, "version": 54}
{"obj": {"type": "LogStrings", "path": ["monitoring", "stdout"], "values": [{"value": "\n", "step": null, "ts": 1638183987.498124}]}, "version": 55}
{"obj": {"type": "LogStrings", "path": ["monitoring", "stdout"], "values": [{"value": "Non-trainable params: 0", "step": null, "ts": 1638183987.4981854}]}, "version": 56}
{"obj": {"type": "LogStrings", "path": ["monitoring", "stdout"], "values": [{"value": "\n", "step": null, "ts": 1638183987.4985652}]}, "version": 57}
{"obj": {"type": "LogStrings", "path": ["monitoring", "stdout"], "values": [{"value": "_________________________________________________________________", "step": null, "ts": 1638183987.4986234}]}, "version": 58}
{"obj": {"type": "LogStrings", "path": ["monitoring", "stdout"], "values": [{"value": "\n", "step": null, "ts": 1638183987.4987223}]}, "version": 59}
{"obj": {"type": "LogStrings", "path": ["monitoring", "stdout"], "values": [{"value": "None", "step": null, "ts": 1638183987.4987853}]}, "version": 60}
{"obj": {"type": "LogStrings", "path": ["monitoring", "stdout"], "values": [{"value": "\n", "step": null, "ts": 1638183987.4988456}]}, "version": 61}
{"obj": {"type": "LogStrings", "path": ["monitoring", "stdout"], "values": [{"value": "Shape of training data: (74186, 15, 5)", "step": null, "ts": 1638183987.4989114}]}, "version": 62}
{"obj": {"type": "LogStrings", "path": ["monitoring", "stdout"], "values": [{"value": "\n", "step": null, "ts": 1638183987.4989712}]}, "version": 63}
{"obj": {"type": "LogStrings", "path": ["monitoring", "stdout"], "values": [{"value": "GENERAL MODEL  ", "step": null, "ts": 1638183987.4990268}]}, "version": 64}
{"obj": {"type": "LogStrings", "path": ["monitoring", "stdout"], "values": [{"value": "\n", "step": null, "ts": 1638183987.4990828}]}, "version": 65}
{"obj": {"type": "LogStrings", "path": ["monitoring", "traceback"], "values": [{"value": "An uncaught exception occurred while run was active on worker dimitris-Inspiron-5593.", "step": null, "ts": 1638183987.5009446}, {"value": "Marking run as failed", "step": null, "ts": 1638183987.5009446}, {"value": "Traceback:", "step": null, "ts": 1638183987.5009446}, {"value": "  File \"/home/dimitris/Desktop/ProjectsML/KaklisPHD/Danaos_ML_Project/runPipeLineNew.py\", line 63, in <module>\n    main()\n", "step": null, "ts": 1638183987.5009446}, {"value": "  File \"/home/dimitris/Desktop/ProjectsML/KaklisPHD/Danaos_ML_Project/runPipeLineNew.py\", line 60, in main\n    runPipe.main(vessel, algs, cls, fromFile, None)\n", "step": null, "ts": 1638183987.5009446}, {"value": "  File \"/home/dimitris/Desktop/ProjectsML/KaklisPHD/Danaos_ML_Project/runPipeline1.py\", line 368, in main\n    ,None, seriesX, targetY, expansion, vessel, attWeights)\n", "step": null, "ts": 1638183987.5009446}, {"value": "  File \"/home/dimitris/Desktop/ProjectsML/KaklisPHD/Danaos_ML_Project/dataModeling.py\", line 1219, in createModelsFor\n    history = estimator.fit(Xlstm, Ylstm, epochs=100 ,verbose=0 ,validation_split=0.1, lr = learnRate,  callbacks=[neptune_cbk] )#shuffle=False,batch_size=120)callbacks=[rlrop]\n", "step": null, "ts": 1638183987.5009446}, {"value": "  File \"/home/dimitris/.local/lib/python3.6/site-packages/tensorflow/python/keras/engine/training.py\", line 66, in _method_wrapper\n    return method(self, *args, **kwargs)\n", "step": null, "ts": 1638183987.5009446}, {"value": "fit() got an unexpected keyword argument 'lr'", "step": null, "ts": 1638183987.5009446}]}, "version": 66}
{"obj": {"type": "AssignBool", "path": ["sys", "failed"], "value": true}, "version": 67}
{"obj": {"type": "LogStrings", "path": ["monitoring", "stderr"], "values": [{"value": "Traceback (most recent call last):\n", "step": null, "ts": 1638183987.511723}]}, "version": 68}
{"obj": {"type": "LogStrings", "path": ["monitoring", "stderr"], "values": [{"value": "  File \"/home/dimitris/Desktop/ProjectsML/KaklisPHD/Danaos_ML_Project/runPipeLineNew.py\", line 63, in <module>\n", "step": null, "ts": 1638183987.5118508}]}, "version": 69}
{"obj": {"type": "LogStrings", "path": ["monitoring", "stderr"], "values": [{"value": "    ", "step": null, "ts": 1638183987.5119874}]}, "version": 70}
{"obj": {"type": "LogStrings", "path": ["monitoring", "stderr"], "values": [{"value": "main()", "step": null, "ts": 1638183987.5120475}]}, "version": 71}
{"obj": {"type": "LogStrings", "path": ["monitoring", "stderr"], "values": [{"value": "\n", "step": null, "ts": 1638183987.5121162}]}, "version": 72}
{"obj": {"type": "LogStrings", "path": ["monitoring", "stderr"], "values": [{"value": "  File \"/home/dimitris/Desktop/ProjectsML/KaklisPHD/Danaos_ML_Project/runPipeLineNew.py\", line 60, in main\n", "step": null, "ts": 1638183987.5121684}]}, "version": 73}
{"obj": {"type": "LogStrings", "path": ["monitoring", "stderr"], "values": [{"value": "    ", "step": null, "ts": 1638183987.5122538}]}, "version": 74}
{"obj": {"type": "LogStrings", "path": ["monitoring", "stderr"], "values": [{"value": "runPipe.main(vessel, algs, cls, fromFile, None)", "step": null, "ts": 1638183987.512307}]}, "version": 75}
{"obj": {"type": "LogStrings", "path": ["monitoring", "stderr"], "values": [{"value": "\n", "step": null, "ts": 1638183987.5123565}]}, "version": 76}
{"obj": {"type": "LogStrings", "path": ["monitoring", "stderr"], "values": [{"value": "  File \"/home/dimitris/Desktop/ProjectsML/KaklisPHD/Danaos_ML_Project/runPipeline1.py\", line 368, in main\n", "step": null, "ts": 1638183987.5124054}]}, "version": 77}
{"obj": {"type": "LogStrings", "path": ["monitoring", "stderr"], "values": [{"value": "    ", "step": null, "ts": 1638183987.512537}]}, "version": 78}
{"obj": {"type": "LogStrings", "path": ["monitoring", "stderr"], "values": [{"value": ",None, seriesX, targetY, expansion, vessel, attWeights)", "step": null, "ts": 1638183987.5125895}]}, "version": 79}
{"obj": {"type": "LogStrings", "path": ["monitoring", "stderr"], "values": [{"value": "\n", "step": null, "ts": 1638183987.5126388}]}, "version": 80}
{"obj": {"type": "LogStrings", "path": ["monitoring", "stderr"], "values": [{"value": "  File \"/home/dimitris/Desktop/ProjectsML/KaklisPHD/Danaos_ML_Project/dataModeling.py\", line 1219, in createModelsFor\n", "step": null, "ts": 1638183987.5126896}]}, "version": 81}
{"obj": {"type": "LogStrings", "path": ["monitoring", "stderr"], "values": [{"value": "    ", "step": null, "ts": 1638183987.5128973}]}, "version": 82}
{"obj": {"type": "LogStrings", "path": ["monitoring", "stderr"], "values": [{"value": "history = estimator.fit(Xlstm, Ylstm, epochs=100 ,verbose=0 ,validation_split=0.1, lr = learnRate,  callbacks=[neptune_cbk] )#shuffle=False,batch_size=120)callbacks=[rlrop]", "step": null, "ts": 1638183987.5129502}]}, "version": 83}
{"obj": {"type": "LogStrings", "path": ["monitoring", "stderr"], "values": [{"value": "\n", "step": null, "ts": 1638183987.5130024}]}, "version": 84}
{"obj": {"type": "LogStrings", "path": ["monitoring", "stderr"], "values": [{"value": "  File \"/home/dimitris/.local/lib/python3.6/site-packages/tensorflow/python/keras/engine/training.py\", line 66, in _method_wrapper\n", "step": null, "ts": 1638183987.513053}]}, "version": 85}
{"obj": {"type": "LogStrings", "path": ["monitoring", "stderr"], "values": [{"value": "    ", "step": null, "ts": 1638183987.5131917}]}, "version": 86}
{"obj": {"type": "LogStrings", "path": ["monitoring", "stderr"], "values": [{"value": "return method(self, *args, **kwargs)", "step": null, "ts": 1638183987.5132759}]}, "version": 87}
{"obj": {"type": "LogStrings", "path": ["monitoring", "stderr"], "values": [{"value": "\n", "step": null, "ts": 1638183987.513326}]}, "version": 88}
{"obj": {"type": "LogStrings", "path": ["monitoring", "stderr"], "values": [{"value": "TypeError", "step": null, "ts": 1638183987.5133936}]}, "version": 89}
{"obj": {"type": "LogStrings", "path": ["monitoring", "stderr"], "values": [{"value": ": ", "step": null, "ts": 1638183987.513442}]}, "version": 90}
{"obj": {"type": "LogStrings", "path": ["monitoring", "stderr"], "values": [{"value": "fit() got an unexpected keyword argument 'lr'", "step": null, "ts": 1638183987.5134876}]}, "version": 91}
{"obj": {"type": "LogStrings", "path": ["monitoring", "stderr"], "values": [{"value": "\n", "step": null, "ts": 1638183987.5135343}]}, "version": 92}
{"obj": {"type": "LogStrings", "path": ["monitoring", "stdout"], "values": [{"value": "Shutting down background jobs, please wait a moment...\n", "step": null, "ts": 1638183987.5136375}]}, "version": 93}
